The system is: Linux - 2.6.32-279.19.1.el6.x86_64 - x86_64
Compiling the C compiler identification source file "CMakeCCompilerId.c" succeeded.
Compiler: /opt/intel/bin/icc 
Build flags: 
Id flags: 

The output was:
0


Compilation of the C compiler identification source "CMakeCCompilerId.c" produced "a.out"

The C compiler identification is Intel, found in "/home/kklloh/Documents/FAU/NuSiF/NuSiF_CFD/build/CMakeFiles/CompilerIdC/a.out"

Compiling the CXX compiler identification source file "CMakeCXXCompilerId.cpp" succeeded.
Compiler: /opt/intel/bin/icpc 
Build flags: 
Id flags: 

The output was:
0


Compilation of the CXX compiler identification source "CMakeCXXCompilerId.cpp" produced "a.out"

The CXX compiler identification is Intel, found in "/home/kklloh/Documents/FAU/NuSiF/NuSiF_CFD/build/CMakeFiles/CompilerIdCXX/a.out"

Determining if the C compiler works passed with the following output:
Change Dir: /home/kklloh/Documents/FAU/NuSiF/NuSiF_CFD/build/CMakeFiles/CMakeTmp

Run Build Command:/usr/bin/gmake "cmTryCompileExec80522768/fast"
/usr/bin/gmake -f CMakeFiles/cmTryCompileExec80522768.dir/build.make CMakeFiles/cmTryCompileExec80522768.dir/build
gmake[1]: Entering directory `/home/kklloh/Documents/FAU/NuSiF/NuSiF_CFD/build/CMakeFiles/CMakeTmp'
/usr/bin/cmake -E cmake_progress_report /home/kklloh/Documents/FAU/NuSiF/NuSiF_CFD/build/CMakeFiles/CMakeTmp/CMakeFiles 1
Building C object CMakeFiles/cmTryCompileExec80522768.dir/testCCompiler.c.o
/opt/intel/bin/icc    -o CMakeFiles/cmTryCompileExec80522768.dir/testCCompiler.c.o   -c /home/kklloh/Documents/FAU/NuSiF/NuSiF_CFD/build/CMakeFiles/CMakeTmp/testCCompiler.c
Linking C executable cmTryCompileExec80522768
/usr/bin/cmake -E cmake_link_script CMakeFiles/cmTryCompileExec80522768.dir/link.txt --verbose=1
/opt/intel/bin/icc         CMakeFiles/cmTryCompileExec80522768.dir/testCCompiler.c.o  -o cmTryCompileExec80522768 -rdynamic 
gmake[1]: Leaving directory `/home/kklloh/Documents/FAU/NuSiF/NuSiF_CFD/build/CMakeFiles/CMakeTmp'


Detecting C compiler ABI info compiled with the following output:
Change Dir: /home/kklloh/Documents/FAU/NuSiF/NuSiF_CFD/build/CMakeFiles/CMakeTmp

Run Build Command:/usr/bin/gmake "cmTryCompileExec758075621/fast"
/usr/bin/gmake -f CMakeFiles/cmTryCompileExec758075621.dir/build.make CMakeFiles/cmTryCompileExec758075621.dir/build
gmake[1]: Entering directory `/home/kklloh/Documents/FAU/NuSiF/NuSiF_CFD/build/CMakeFiles/CMakeTmp'
/usr/bin/cmake -E cmake_progress_report /home/kklloh/Documents/FAU/NuSiF/NuSiF_CFD/build/CMakeFiles/CMakeTmp/CMakeFiles 1
Building C object CMakeFiles/cmTryCompileExec758075621.dir/CMakeCCompilerABI.c.o
/opt/intel/bin/icc    -o CMakeFiles/cmTryCompileExec758075621.dir/CMakeCCompilerABI.c.o   -c /usr/share/cmake/Modules/CMakeCCompilerABI.c
Linking C executable cmTryCompileExec758075621
/usr/bin/cmake -E cmake_link_script CMakeFiles/cmTryCompileExec758075621.dir/link.txt --verbose=1
/opt/intel/bin/icc       -v CMakeFiles/cmTryCompileExec758075621.dir/CMakeCCompilerABI.c.o  -o cmTryCompileExec758075621 -rdynamic  
icc version 14.0.1 (gcc version 4.8.0 compatibility)
/opt/intel/composer_xe_2013_sp1.1.106/bin/intel64/mcpcom    -mP1OPT_version=14.0-intel64 -mGLOB_diag_file=CMakeFiles/cmTryCompileExec758075621.dir/CMakeCCompilerABI.c.diag -mP1OPT_print_version=FALSE -mCG_use_gas_got_workaround=F -mP2OPT_align_option_used=TRUE -mGLOB_gcc_version=480 "-mGLOB_options_string=-v -o cmTryCompileExec758075621 -rdynamic" -mGLOB_cxx_limited_range=FALSE -mCG_extend_parms=FALSE -mGLOB_compiler_bin_directory=/opt/intel/composer_xe_2013_sp1.1.106/bin/intel64 -mGLOB_as_output_backup_file_name=/tmp/iccQLwJvWas_.s -mIPOPT_activate -mGLOB_em64t -mGLOB_product_id_code=0x22006d91 -mP3OPT_use_mspp_call_convention -mPGOPTI_value_profile_use=T -mP2OPT_il0_array_sections=TRUE -mGLOB_offload_mode=1 -mP2OPT_offload_unique_var_string=icc1402771041N9pEIg -mP2OPT_hlo -mP2OPT_hpo_rtt_control=0 -mIPOPT_args_in_regs=0 -mP2OPT_disam_assume_nonstd_intent_in=FALSE -mGLOB_imf_mapping_library=/opt/intel/composer_xe_2013_sp1.1.106/bin/intel64/libiml_attr.so -mIPOPT_link -mIPOPT_ipo_activate -mIPOPT_mo_activate -mIPOPT_source_files_list=/tmp/iccslisZq1V3s -mIPOPT_mo_global_data -mIPOPT_link_script_file=/tmp/iccscriptNlo7ci "-mIPOPT_cmdline_link="/usr/lib/../lib64/crt1.o" "/usr/lib/../lib64/crti.o" "/home/kklloh/GCC_48/rtf/lib/gcc/x86_64-unknown-linux-gnu/4.8.2/crtbegin.o" "-export-dynamic" "--eh-frame-hdr" "--build-id" "-dynamic-linker" "/lib64/ld-linux-x86-64.so.2" "-o" "cmTryCompileExec758075621" "-L/opt/intel/composer_xe_2013_sp1.1.106/compiler/lib/intel64" "-L/opt/intel/composer_xe_2013_sp1.1.106/ipp/../compiler/lib/intel64" "-L/opt/intel/composer_xe_2013_sp1.1.106/ipp/lib/intel64" "-L/opt/intel/composer_xe_2013_sp1.1.106/compiler/lib/intel64" "-L/opt/intel/composer_xe_2013_sp1.1.106/mkl/lib/intel64" "-L/opt/intel/composer_xe_2013_sp1.1.106/tbb/lib/intel64/gcc4.4" "-L/opt/intel/composer_xe_2013_sp1.1.106/compiler/lib/intel64" "-L/opt/intel/composer_xe_2013_sp1.1.106/ipp/../compiler/lib/intel64" "-L/opt/intel/composer_xe_2013_sp1.1.106/ipp/lib/intel64" "-L/opt/intel/composer_xe_2013_sp1.1.106/compiler/lib/intel64" "-L/opt/intel/composer_xe_2013_sp1.1.106/mkl/lib/intel64" "-L/opt/intel/composer_xe_2013_sp1.1.106/tbb/lib/intel64/gcc4.4" "-L/opt/intel/composer_xe_2013_sp1.1.106/compiler/lib/intel64" "-L/opt/intel/composer_xe_2013_sp1.1.106/ipp/../compiler/lib/intel64" "-L/opt/intel/composer_xe_2013_sp1.1.106/ipp/lib/intel64" "-L/opt/intel/composer_xe_2013_sp1.1.106/compiler/lib/intel64" "-L/opt/intel/composer_xe_2013_sp1.1.106/mkl/lib/intel64" "-L/opt/intel/composer_xe_2013_sp1.1.106/tbb/lib/intel64/gcc4.4" "-L/opt/intel/composer_xe_2013_sp1.1.106/compiler/lib/intel64" "-L/home/kklloh/GCC_48/rtf/lib/gcc/x86_64-unknown-linux-gnu/4.8.2/" "-L/home/kklloh/GCC_48/rtf/lib/gcc/x86_64-unknown-linux-gnu/4.8.2/../../../../lib64" "-L/home/kklloh/GCC_48/rtf/lib/gcc/x86_64-unknown-linux-gnu/4.8.2/../../../../lib64/" "-L/lib/../lib64" "-L/lib/../lib64/" "-L/usr/lib/../lib64" "-L/usr/lib/../lib64/" "-L/opt/intel/composer_xe_2013_sp1.1.106/compiler/lib/intel64/" "-L/opt/intel/composer_xe_2013_sp1.1.106/ipp/../compiler/lib/intel64/" "-L/opt/intel/composer_xe_2013_sp1.1.106/ipp/lib/intel64/" "-L/opt/intel/composer_xe_2013_sp1.1.106/mkl/lib/intel64/" "-L/opt/intel/composer_xe_2013_sp1.1.106/tbb/lib/intel64/gcc4.4/" "-L/home/kklloh/GCC_48/rtf/lib/gcc/x86_64-unknown-linux-gnu/4.8.2/../../../../x86_64-unknown-linux-gnu/lib/" "-L/home/kklloh/GCC_48/rtf/lib/gcc/x86_64-unknown-linux-gnu/4.8.2/../../../" "-L/lib64" "-L/lib/" "-L/usr/lib64" "-L/usr/lib" "CMakeFiles/cmTryCompileExec758075621.dir/CMakeCCompilerABI.c.o" "-Bstatic" "-limf" "-lsvml" "-lirng" "-Bdynamic" "-lm" "-Bstatic" "-lipgo" "-ldecimal" "--as-needed" "-Bdynamic" "-lcilkrts" "-lstdc++" "--no-as-needed" "-lgcc" "-lgcc_s" "-Bstatic" "-lirc" "-lsvml" "-Bdynamic" "-lc" "-lgcc" "-lgcc_s" "-Bstatic" "-lirc_s" "-Bdynamic" "-ldl" "-lc" "/home/kklloh/GCC_48/rtf/lib/gcc/x86_64-unknown-linux-gnu/4.8.2/crtend.o" "/usr/lib/../lib64/crtn.o"" -mIPOPT_il_in_obj -mIPOPT_ipo_activate_warn=FALSE -mIPOPT_obj_output_file_name=/tmp/ipo_iccFxhVaw.o -mIPOPT_whole_archive_fixup_file_name=/tmp/iccwarchn4Ioic -mGLOB_linker_version=2.23.2 -mGLOB_long_size_64 -mGLOB_routine_pointer_size_64 -mGLOB_driver_tempfile_name=/tmp/icctempfileaFuav1 -mP3OPT_asm_target=P3OPT_ASM_TARGET_GAS -mGLOB_async_unwind_tables=TRUE -mGLOB_obj_output_file=/tmp/ipo_iccFxhVaw.o -mGLOB_source_dialect=GLOB_SOURCE_DIALECT_NONE -mP1OPT_source_file_name=ipo_out.c CMakeFiles/cmTryCompileExec758075621.dir/CMakeCCompilerABI.c.o -mIPOPT_object_files=T -mIPOPT_assembly_files=/tmp/iccalis8lWeta -mIPOPT_generated_tempfiles=/tmp/iccelis2wkpCZ -mIPOPT_embedded_object_base_name=/tmp/icceobjfTYzLO -mIPOPT_cmdline_link_new_name=/tmp/iccllisfISKUD
ld    /usr/lib/../lib64/crt1.o /usr/lib/../lib64/crti.o /home/kklloh/GCC_48/rtf/lib/gcc/x86_64-unknown-linux-gnu/4.8.2/crtbegin.o -export-dynamic --eh-frame-hdr --build-id -dynamic-linker /lib64/ld-linux-x86-64.so.2 -o cmTryCompileExec758075621 -L/opt/intel/composer_xe_2013_sp1.1.106/compiler/lib/intel64 -L/opt/intel/composer_xe_2013_sp1.1.106/ipp/../compiler/lib/intel64 -L/opt/intel/composer_xe_2013_sp1.1.106/ipp/lib/intel64 -L/opt/intel/composer_xe_2013_sp1.1.106/compiler/lib/intel64 -L/opt/intel/composer_xe_2013_sp1.1.106/mkl/lib/intel64 -L/opt/intel/composer_xe_2013_sp1.1.106/tbb/lib/intel64/gcc4.4 -L/opt/intel/composer_xe_2013_sp1.1.106/compiler/lib/intel64 -L/opt/intel/composer_xe_2013_sp1.1.106/ipp/../compiler/lib/intel64 -L/opt/intel/composer_xe_2013_sp1.1.106/ipp/lib/intel64 -L/opt/intel/composer_xe_2013_sp1.1.106/compiler/lib/intel64 -L/opt/intel/composer_xe_2013_sp1.1.106/mkl/lib/intel64 -L/opt/intel/composer_xe_2013_sp1.1.106/tbb/lib/intel64/gcc4.4 -L/opt/intel/composer_xe_2013_sp1.1.106/compiler/lib/intel64 -L/opt/intel/composer_xe_2013_sp1.1.106/ipp/../compiler/lib/intel64 -L/opt/intel/composer_xe_2013_sp1.1.106/ipp/lib/intel64 -L/opt/intel/composer_xe_2013_sp1.1.106/compiler/lib/intel64 -L/opt/intel/composer_xe_2013_sp1.1.106/mkl/lib/intel64 -L/opt/intel/composer_xe_2013_sp1.1.106/tbb/lib/intel64/gcc4.4 -L/opt/intel/composer_xe_2013_sp1.1.106/compiler/lib/intel64 -L/home/kklloh/GCC_48/rtf/lib/gcc/x86_64-unknown-linux-gnu/4.8.2/ -L/home/kklloh/GCC_48/rtf/lib/gcc/x86_64-unknown-linux-gnu/4.8.2/../../../../lib64 -L/home/kklloh/GCC_48/rtf/lib/gcc/x86_64-unknown-linux-gnu/4.8.2/../../../../lib64/ -L/lib/../lib64 -L/lib/../lib64/ -L/usr/lib/../lib64 -L/usr/lib/../lib64/ -L/opt/intel/composer_xe_2013_sp1.1.106/compiler/lib/intel64/ -L/opt/intel/composer_xe_2013_sp1.1.106/ipp/../compiler/lib/intel64/ -L/opt/intel/composer_xe_2013_sp1.1.106/ipp/lib/intel64/ -L/opt/intel/composer_xe_2013_sp1.1.106/mkl/lib/intel64/ -L/opt/intel/composer_xe_2013_sp1.1.106/tbb/lib/intel64/gcc4.4/ -L/home/kklloh/GCC_48/rtf/lib/gcc/x86_64-unknown-linux-gnu/4.8.2/../../../../x86_64-unknown-linux-gnu/lib/ -L/home/kklloh/GCC_48/rtf/lib/gcc/x86_64-unknown-linux-gnu/4.8.2/../../../ -L/lib64 -L/lib/ -L/usr/lib64 -L/usr/lib CMakeFiles/cmTryCompileExec758075621.dir/CMakeCCompilerABI.c.o -Bstatic -limf -lsvml -lirng -Bdynamic -lm -Bstatic -lipgo -ldecimal --as-needed -Bdynamic -lcilkrts -lstdc++ --no-as-needed -lgcc -lgcc_s -Bstatic -lirc -lsvml -Bdynamic -lc -lgcc -lgcc_s -Bstatic -lirc_s -Bdynamic -ldl -lc /home/kklloh/GCC_48/rtf/lib/gcc/x86_64-unknown-linux-gnu/4.8.2/crtend.o /usr/lib/../lib64/crtn.o
gmake[1]: Leaving directory `/home/kklloh/Documents/FAU/NuSiF/NuSiF_CFD/build/CMakeFiles/CMakeTmp'


Parsed C implicit link information from above output:
  link line regex: [^( *|.*[/\])(ld|ld|collect2)[^/\]*( |$)]
  ignore line: [Change Dir: /home/kklloh/Documents/FAU/NuSiF/NuSiF_CFD/build/CMakeFiles/CMakeTmp]
  ignore line: []
  ignore line: [Run Build Command:/usr/bin/gmake "cmTryCompileExec758075621/fast"]
  ignore line: [/usr/bin/gmake -f CMakeFiles/cmTryCompileExec758075621.dir/build.make CMakeFiles/cmTryCompileExec758075621.dir/build]
  ignore line: [gmake[1]: Entering directory `/home/kklloh/Documents/FAU/NuSiF/NuSiF_CFD/build/CMakeFiles/CMakeTmp']
  ignore line: [/usr/bin/cmake -E cmake_progress_report /home/kklloh/Documents/FAU/NuSiF/NuSiF_CFD/build/CMakeFiles/CMakeTmp/CMakeFiles 1]
  ignore line: [Building C object CMakeFiles/cmTryCompileExec758075621.dir/CMakeCCompilerABI.c.o]
  ignore line: [/opt/intel/bin/icc    -o CMakeFiles/cmTryCompileExec758075621.dir/CMakeCCompilerABI.c.o   -c /usr/share/cmake/Modules/CMakeCCompilerABI.c]
  ignore line: [Linking C executable cmTryCompileExec758075621]
  ignore line: [/usr/bin/cmake -E cmake_link_script CMakeFiles/cmTryCompileExec758075621.dir/link.txt --verbose=1]
  ignore line: [/opt/intel/bin/icc       -v CMakeFiles/cmTryCompileExec758075621.dir/CMakeCCompilerABI.c.o  -o cmTryCompileExec758075621 -rdynamic  ]
  ignore line: [icc version 14.0.1 (gcc version 4.8.0 compatibility)]
  ignore line: [/opt/intel/composer_xe_2013_sp1.1.106/bin/intel64/mcpcom    -mP1OPT_version=14.0-intel64 -mGLOB_diag_file=CMakeFiles/cmTryCompileExec758075621.dir/CMakeCCompilerABI.c.diag -mP1OPT_print_version=FALSE -mCG_use_gas_got_workaround=F -mP2OPT_align_option_used=TRUE -mGLOB_gcc_version=480 "-mGLOB_options_string=-v -o cmTryCompileExec758075621 -rdynamic" -mGLOB_cxx_limited_range=FALSE -mCG_extend_parms=FALSE -mGLOB_compiler_bin_directory=/opt/intel/composer_xe_2013_sp1.1.106/bin/intel64 -mGLOB_as_output_backup_file_name=/tmp/iccQLwJvWas_.s -mIPOPT_activate -mGLOB_em64t -mGLOB_product_id_code=0x22006d91 -mP3OPT_use_mspp_call_convention -mPGOPTI_value_profile_use=T -mP2OPT_il0_array_sections=TRUE -mGLOB_offload_mode=1 -mP2OPT_offload_unique_var_string=icc1402771041N9pEIg -mP2OPT_hlo -mP2OPT_hpo_rtt_control=0 -mIPOPT_args_in_regs=0 -mP2OPT_disam_assume_nonstd_intent_in=FALSE -mGLOB_imf_mapping_library=/opt/intel/composer_xe_2013_sp1.1.106/bin/intel64/libiml_attr.so -mIPOPT_link -mIPOPT_ipo_activate -mIPOPT_mo_activate -mIPOPT_source_files_list=/tmp/iccslisZq1V3s -mIPOPT_mo_global_data -mIPOPT_link_script_file=/tmp/iccscriptNlo7ci "-mIPOPT_cmdline_link="/usr/lib/../lib64/crt1.o" "/usr/lib/../lib64/crti.o" "/home/kklloh/GCC_48/rtf/lib/gcc/x86_64-unknown-linux-gnu/4.8.2/crtbegin.o" "-export-dynamic" "--eh-frame-hdr" "--build-id" "-dynamic-linker" "/lib64/ld-linux-x86-64.so.2" "-o" "cmTryCompileExec758075621" "-L/opt/intel/composer_xe_2013_sp1.1.106/compiler/lib/intel64" "-L/opt/intel/composer_xe_2013_sp1.1.106/ipp/../compiler/lib/intel64" "-L/opt/intel/composer_xe_2013_sp1.1.106/ipp/lib/intel64" "-L/opt/intel/composer_xe_2013_sp1.1.106/compiler/lib/intel64" "-L/opt/intel/composer_xe_2013_sp1.1.106/mkl/lib/intel64" "-L/opt/intel/composer_xe_2013_sp1.1.106/tbb/lib/intel64/gcc4.4" "-L/opt/intel/composer_xe_2013_sp1.1.106/compiler/lib/intel64" "-L/opt/intel/composer_xe_2013_sp1.1.106/ipp/../compiler/lib/intel64" "-L/opt/intel/composer_xe_2013_sp1.1.106/ipp/lib/intel64" "-L/opt/intel/composer_xe_2013_sp1.1.106/compiler/lib/intel64" "-L/opt/intel/composer_xe_2013_sp1.1.106/mkl/lib/intel64" "-L/opt/intel/composer_xe_2013_sp1.1.106/tbb/lib/intel64/gcc4.4" "-L/opt/intel/composer_xe_2013_sp1.1.106/compiler/lib/intel64" "-L/opt/intel/composer_xe_2013_sp1.1.106/ipp/../compiler/lib/intel64" "-L/opt/intel/composer_xe_2013_sp1.1.106/ipp/lib/intel64" "-L/opt/intel/composer_xe_2013_sp1.1.106/compiler/lib/intel64" "-L/opt/intel/composer_xe_2013_sp1.1.106/mkl/lib/intel64" "-L/opt/intel/composer_xe_2013_sp1.1.106/tbb/lib/intel64/gcc4.4" "-L/opt/intel/composer_xe_2013_sp1.1.106/compiler/lib/intel64" "-L/home/kklloh/GCC_48/rtf/lib/gcc/x86_64-unknown-linux-gnu/4.8.2/" "-L/home/kklloh/GCC_48/rtf/lib/gcc/x86_64-unknown-linux-gnu/4.8.2/../../../../lib64" "-L/home/kklloh/GCC_48/rtf/lib/gcc/x86_64-unknown-linux-gnu/4.8.2/../../../../lib64/" "-L/lib/../lib64" "-L/lib/../lib64/" "-L/usr/lib/../lib64" "-L/usr/lib/../lib64/" "-L/opt/intel/composer_xe_2013_sp1.1.106/compiler/lib/intel64/" "-L/opt/intel/composer_xe_2013_sp1.1.106/ipp/../compiler/lib/intel64/" "-L/opt/intel/composer_xe_2013_sp1.1.106/ipp/lib/intel64/" "-L/opt/intel/composer_xe_2013_sp1.1.106/mkl/lib/intel64/" "-L/opt/intel/composer_xe_2013_sp1.1.106/tbb/lib/intel64/gcc4.4/" "-L/home/kklloh/GCC_48/rtf/lib/gcc/x86_64-unknown-linux-gnu/4.8.2/../../../../x86_64-unknown-linux-gnu/lib/" "-L/home/kklloh/GCC_48/rtf/lib/gcc/x86_64-unknown-linux-gnu/4.8.2/../../../" "-L/lib64" "-L/lib/" "-L/usr/lib64" "-L/usr/lib" "CMakeFiles/cmTryCompileExec758075621.dir/CMakeCCompilerABI.c.o" "-Bstatic" "-limf" "-lsvml" "-lirng" "-Bdynamic" "-lm" "-Bstatic" "-lipgo" "-ldecimal" "--as-needed" "-Bdynamic" "-lcilkrts" "-lstdc++" "--no-as-needed" "-lgcc" "-lgcc_s" "-Bstatic" "-lirc" "-lsvml" "-Bdynamic" "-lc" "-lgcc" "-lgcc_s" "-Bstatic" "-lirc_s" "-Bdynamic" "-ldl" "-lc" "/home/kklloh/GCC_48/rtf/lib/gcc/x86_64-unknown-linux-gnu/4.8.2/crtend.o" "/usr/lib/../lib64/crtn.o"" -mIPOPT_il_in_obj -mIPOPT_ipo_activate_warn=FALSE -mIPOPT_obj_output_file_name=/tmp/ipo_iccFxhVaw.o -mIPOPT_whole_archive_fixup_file_name=/tmp/iccwarchn4Ioic -mGLOB_linker_version=2.23.2 -mGLOB_long_size_64 -mGLOB_routine_pointer_size_64 -mGLOB_driver_tempfile_name=/tmp/icctempfileaFuav1 -mP3OPT_asm_target=P3OPT_ASM_TARGET_GAS -mGLOB_async_unwind_tables=TRUE -mGLOB_obj_output_file=/tmp/ipo_iccFxhVaw.o -mGLOB_source_dialect=GLOB_SOURCE_DIALECT_NONE -mP1OPT_source_file_name=ipo_out.c CMakeFiles/cmTryCompileExec758075621.dir/CMakeCCompilerABI.c.o -mIPOPT_object_files=T -mIPOPT_assembly_files=/tmp/iccalis8lWeta -mIPOPT_generated_tempfiles=/tmp/iccelis2wkpCZ -mIPOPT_embedded_object_base_name=/tmp/icceobjfTYzLO -mIPOPT_cmdline_link_new_name=/tmp/iccllisfISKUD]
  link line: [ld    /usr/lib/../lib64/crt1.o /usr/lib/../lib64/crti.o /home/kklloh/GCC_48/rtf/lib/gcc/x86_64-unknown-linux-gnu/4.8.2/crtbegin.o -export-dynamic --eh-frame-hdr --build-id -dynamic-linker /lib64/ld-linux-x86-64.so.2 -o cmTryCompileExec758075621 -L/opt/intel/composer_xe_2013_sp1.1.106/compiler/lib/intel64 -L/opt/intel/composer_xe_2013_sp1.1.106/ipp/../compiler/lib/intel64 -L/opt/intel/composer_xe_2013_sp1.1.106/ipp/lib/intel64 -L/opt/intel/composer_xe_2013_sp1.1.106/compiler/lib/intel64 -L/opt/intel/composer_xe_2013_sp1.1.106/mkl/lib/intel64 -L/opt/intel/composer_xe_2013_sp1.1.106/tbb/lib/intel64/gcc4.4 -L/opt/intel/composer_xe_2013_sp1.1.106/compiler/lib/intel64 -L/opt/intel/composer_xe_2013_sp1.1.106/ipp/../compiler/lib/intel64 -L/opt/intel/composer_xe_2013_sp1.1.106/ipp/lib/intel64 -L/opt/intel/composer_xe_2013_sp1.1.106/compiler/lib/intel64 -L/opt/intel/composer_xe_2013_sp1.1.106/mkl/lib/intel64 -L/opt/intel/composer_xe_2013_sp1.1.106/tbb/lib/intel64/gcc4.4 -L/opt/intel/composer_xe_2013_sp1.1.106/compiler/lib/intel64 -L/opt/intel/composer_xe_2013_sp1.1.106/ipp/../compiler/lib/intel64 -L/opt/intel/composer_xe_2013_sp1.1.106/ipp/lib/intel64 -L/opt/intel/composer_xe_2013_sp1.1.106/compiler/lib/intel64 -L/opt/intel/composer_xe_2013_sp1.1.106/mkl/lib/intel64 -L/opt/intel/composer_xe_2013_sp1.1.106/tbb/lib/intel64/gcc4.4 -L/opt/intel/composer_xe_2013_sp1.1.106/compiler/lib/intel64 -L/home/kklloh/GCC_48/rtf/lib/gcc/x86_64-unknown-linux-gnu/4.8.2/ -L/home/kklloh/GCC_48/rtf/lib/gcc/x86_64-unknown-linux-gnu/4.8.2/../../../../lib64 -L/home/kklloh/GCC_48/rtf/lib/gcc/x86_64-unknown-linux-gnu/4.8.2/../../../../lib64/ -L/lib/../lib64 -L/lib/../lib64/ -L/usr/lib/../lib64 -L/usr/lib/../lib64/ -L/opt/intel/composer_xe_2013_sp1.1.106/compiler/lib/intel64/ -L/opt/intel/composer_xe_2013_sp1.1.106/ipp/../compiler/lib/intel64/ -L/opt/intel/composer_xe_2013_sp1.1.106/ipp/lib/intel64/ -L/opt/intel/composer_xe_2013_sp1.1.106/mkl/lib/intel64/ -L/opt/intel/composer_xe_2013_sp1.1.106/tbb/lib/intel64/gcc4.4/ -L/home/kklloh/GCC_48/rtf/lib/gcc/x86_64-unknown-linux-gnu/4.8.2/../../../../x86_64-unknown-linux-gnu/lib/ -L/home/kklloh/GCC_48/rtf/lib/gcc/x86_64-unknown-linux-gnu/4.8.2/../../../ -L/lib64 -L/lib/ -L/usr/lib64 -L/usr/lib CMakeFiles/cmTryCompileExec758075621.dir/CMakeCCompilerABI.c.o -Bstatic -limf -lsvml -lirng -Bdynamic -lm -Bstatic -lipgo -ldecimal --as-needed -Bdynamic -lcilkrts -lstdc++ --no-as-needed -lgcc -lgcc_s -Bstatic -lirc -lsvml -Bdynamic -lc -lgcc -lgcc_s -Bstatic -lirc_s -Bdynamic -ldl -lc /home/kklloh/GCC_48/rtf/lib/gcc/x86_64-unknown-linux-gnu/4.8.2/crtend.o /usr/lib/../lib64/crtn.o]
    arg [ld] ==> ignore
    arg [/usr/lib/../lib64/crt1.o] ==> ignore
    arg [/usr/lib/../lib64/crti.o] ==> ignore
    arg [/home/kklloh/GCC_48/rtf/lib/gcc/x86_64-unknown-linux-gnu/4.8.2/crtbegin.o] ==> ignore
    arg [-export-dynamic] ==> ignore
    arg [--eh-frame-hdr] ==> ignore
    arg [--build-id] ==> ignore
    arg [-dynamic-linker] ==> ignore
    arg [/lib64/ld-linux-x86-64.so.2] ==> ignore
    arg [-o] ==> ignore
    arg [cmTryCompileExec758075621] ==> ignore
    arg [-L/opt/intel/composer_xe_2013_sp1.1.106/compiler/lib/intel64] ==> dir [/opt/intel/composer_xe_2013_sp1.1.106/compiler/lib/intel64]
    arg [-L/opt/intel/composer_xe_2013_sp1.1.106/ipp/../compiler/lib/intel64] ==> dir [/opt/intel/composer_xe_2013_sp1.1.106/ipp/../compiler/lib/intel64]
    arg [-L/opt/intel/composer_xe_2013_sp1.1.106/ipp/lib/intel64] ==> dir [/opt/intel/composer_xe_2013_sp1.1.106/ipp/lib/intel64]
    arg [-L/opt/intel/composer_xe_2013_sp1.1.106/compiler/lib/intel64] ==> dir [/opt/intel/composer_xe_2013_sp1.1.106/compiler/lib/intel64]
    arg [-L/opt/intel/composer_xe_2013_sp1.1.106/mkl/lib/intel64] ==> dir [/opt/intel/composer_xe_2013_sp1.1.106/mkl/lib/intel64]
    arg [-L/opt/intel/composer_xe_2013_sp1.1.106/tbb/lib/intel64/gcc4.4] ==> dir [/opt/intel/composer_xe_2013_sp1.1.106/tbb/lib/intel64/gcc4.4]
    arg [-L/opt/intel/composer_xe_2013_sp1.1.106/compiler/lib/intel64] ==> dir [/opt/intel/composer_xe_2013_sp1.1.106/compiler/lib/intel64]
    arg [-L/opt/intel/composer_xe_2013_sp1.1.106/ipp/../compiler/lib/intel64] ==> dir [/opt/intel/composer_xe_2013_sp1.1.106/ipp/../compiler/lib/intel64]
    arg [-L/opt/intel/composer_xe_2013_sp1.1.106/ipp/lib/intel64] ==> dir [/opt/intel/composer_xe_2013_sp1.1.106/ipp/lib/intel64]
    arg [-L/opt/intel/composer_xe_2013_sp1.1.106/compiler/lib/intel64] ==> dir [/opt/intel/composer_xe_2013_sp1.1.106/compiler/lib/intel64]
    arg [-L/opt/intel/composer_xe_2013_sp1.1.106/mkl/lib/intel64] ==> dir [/opt/intel/composer_xe_2013_sp1.1.106/mkl/lib/intel64]
    arg [-L/opt/intel/composer_xe_2013_sp1.1.106/tbb/lib/intel64/gcc4.4] ==> dir [/opt/intel/composer_xe_2013_sp1.1.106/tbb/lib/intel64/gcc4.4]
    arg [-L/opt/intel/composer_xe_2013_sp1.1.106/compiler/lib/intel64] ==> dir [/opt/intel/composer_xe_2013_sp1.1.106/compiler/lib/intel64]
    arg [-L/opt/intel/composer_xe_2013_sp1.1.106/ipp/../compiler/lib/intel64] ==> dir [/opt/intel/composer_xe_2013_sp1.1.106/ipp/../compiler/lib/intel64]
    arg [-L/opt/intel/composer_xe_2013_sp1.1.106/ipp/lib/intel64] ==> dir [/opt/intel/composer_xe_2013_sp1.1.106/ipp/lib/intel64]
    arg [-L/opt/intel/composer_xe_2013_sp1.1.106/compiler/lib/intel64] ==> dir [/opt/intel/composer_xe_2013_sp1.1.106/compiler/lib/intel64]
    arg [-L/opt/intel/composer_xe_2013_sp1.1.106/mkl/lib/intel64] ==> dir [/opt/intel/composer_xe_2013_sp1.1.106/mkl/lib/intel64]
    arg [-L/opt/intel/composer_xe_2013_sp1.1.106/tbb/lib/intel64/gcc4.4] ==> dir [/opt/intel/composer_xe_2013_sp1.1.106/tbb/lib/intel64/gcc4.4]
    arg [-L/opt/intel/composer_xe_2013_sp1.1.106/compiler/lib/intel64] ==> dir [/opt/intel/composer_xe_2013_sp1.1.106/compiler/lib/intel64]
    arg [-L/home/kklloh/GCC_48/rtf/lib/gcc/x86_64-unknown-linux-gnu/4.8.2/] ==> dir [/home/kklloh/GCC_48/rtf/lib/gcc/x86_64-unknown-linux-gnu/4.8.2/]
    arg [-L/home/kklloh/GCC_48/rtf/lib/gcc/x86_64-unknown-linux-gnu/4.8.2/../../../../lib64] ==> dir [/home/kklloh/GCC_48/rtf/lib/gcc/x86_64-unknown-linux-gnu/4.8.2/../../../../lib64]
    arg [-L/home/kklloh/GCC_48/rtf/lib/gcc/x86_64-unknown-linux-gnu/4.8.2/../../../../lib64/] ==> dir [/home/kklloh/GCC_48/rtf/lib/gcc/x86_64-unknown-linux-gnu/4.8.2/../../../../lib64/]
    arg [-L/lib/../lib64] ==> dir [/lib/../lib64]
    arg [-L/lib/../lib64/] ==> dir [/lib/../lib64/]
    arg [-L/usr/lib/../lib64] ==> dir [/usr/lib/../lib64]
    arg [-L/usr/lib/../lib64/] ==> dir [/usr/lib/../lib64/]
    arg [-L/opt/intel/composer_xe_2013_sp1.1.106/compiler/lib/intel64/] ==> dir [/opt/intel/composer_xe_2013_sp1.1.106/compiler/lib/intel64/]
    arg [-L/opt/intel/composer_xe_2013_sp1.1.106/ipp/../compiler/lib/intel64/] ==> dir [/opt/intel/composer_xe_2013_sp1.1.106/ipp/../compiler/lib/intel64/]
    arg [-L/opt/intel/composer_xe_2013_sp1.1.106/ipp/lib/intel64/] ==> dir [/opt/intel/composer_xe_2013_sp1.1.106/ipp/lib/intel64/]
    arg [-L/opt/intel/composer_xe_2013_sp1.1.106/mkl/lib/intel64/] ==> dir [/opt/intel/composer_xe_2013_sp1.1.106/mkl/lib/intel64/]
    arg [-L/opt/intel/composer_xe_2013_sp1.1.106/tbb/lib/intel64/gcc4.4/] ==> dir [/opt/intel/composer_xe_2013_sp1.1.106/tbb/lib/intel64/gcc4.4/]
    arg [-L/home/kklloh/GCC_48/rtf/lib/gcc/x86_64-unknown-linux-gnu/4.8.2/../../../../x86_64-unknown-linux-gnu/lib/] ==> dir [/home/kklloh/GCC_48/rtf/lib/gcc/x86_64-unknown-linux-gnu/4.8.2/../../../../x86_64-unknown-linux-gnu/lib/]
    arg [-L/home/kklloh/GCC_48/rtf/lib/gcc/x86_64-unknown-linux-gnu/4.8.2/../../../] ==> dir [/home/kklloh/GCC_48/rtf/lib/gcc/x86_64-unknown-linux-gnu/4.8.2/../../../]
    arg [-L/lib64] ==> dir [/lib64]
    arg [-L/lib/] ==> dir [/lib/]
    arg [-L/usr/lib64] ==> dir [/usr/lib64]
    arg [-L/usr/lib] ==> dir [/usr/lib]
    arg [CMakeFiles/cmTryCompileExec758075621.dir/CMakeCCompilerABI.c.o] ==> ignore
    arg [-Bstatic] ==> ignore
    arg [-limf] ==> lib [imf]
    arg [-lsvml] ==> lib [svml]
    arg [-lirng] ==> lib [irng]
    arg [-Bdynamic] ==> ignore
    arg [-lm] ==> lib [m]
    arg [-Bstatic] ==> ignore
    arg [-lipgo] ==> lib [ipgo]
    arg [-ldecimal] ==> lib [decimal]
    arg [--as-needed] ==> ignore
    arg [-Bdynamic] ==> ignore
    arg [-lcilkrts] ==> lib [cilkrts]
    arg [-lstdc++] ==> lib [stdc++]
    arg [--no-as-needed] ==> ignore
    arg [-lgcc] ==> lib [gcc]
    arg [-lgcc_s] ==> lib [gcc_s]
    arg [-Bstatic] ==> ignore
    arg [-lirc] ==> lib [irc]
    arg [-lsvml] ==> lib [svml]
    arg [-Bdynamic] ==> ignore
    arg [-lc] ==> lib [c]
    arg [-lgcc] ==> lib [gcc]
    arg [-lgcc_s] ==> lib [gcc_s]
    arg [-Bstatic] ==> ignore
    arg [-lirc_s] ==> lib [irc_s]
    arg [-Bdynamic] ==> ignore
    arg [-ldl] ==> lib [dl]
    arg [-lc] ==> lib [c]
    arg [/home/kklloh/GCC_48/rtf/lib/gcc/x86_64-unknown-linux-gnu/4.8.2/crtend.o] ==> ignore
    arg [/usr/lib/../lib64/crtn.o] ==> ignore
  remove lib [gcc]
  remove lib [gcc_s]
  remove lib [gcc]
  remove lib [gcc_s]
  collapse dir [/opt/intel/composer_xe_2013_sp1.1.106/compiler/lib/intel64] ==> [/opt/intel/composer_xe_2013_sp1.1.106/compiler/lib/intel64]
  collapse dir [/opt/intel/composer_xe_2013_sp1.1.106/ipp/../compiler/lib/intel64] ==> [/opt/intel/composer_xe_2013_sp1.1.106/compiler/lib/intel64]
  collapse dir [/opt/intel/composer_xe_2013_sp1.1.106/ipp/lib/intel64] ==> [/opt/intel/composer_xe_2013_sp1.1.106/ipp/lib/intel64]
  collapse dir [/opt/intel/composer_xe_2013_sp1.1.106/compiler/lib/intel64] ==> [/opt/intel/composer_xe_2013_sp1.1.106/compiler/lib/intel64]
  collapse dir [/opt/intel/composer_xe_2013_sp1.1.106/mkl/lib/intel64] ==> [/opt/intel/composer_xe_2013_sp1.1.106/mkl/lib/intel64]
  collapse dir [/opt/intel/composer_xe_2013_sp1.1.106/tbb/lib/intel64/gcc4.4] ==> [/opt/intel/composer_xe_2013_sp1.1.106/tbb/lib/intel64/gcc4.4]
  collapse dir [/opt/intel/composer_xe_2013_sp1.1.106/compiler/lib/intel64] ==> [/opt/intel/composer_xe_2013_sp1.1.106/compiler/lib/intel64]
  collapse dir [/opt/intel/composer_xe_2013_sp1.1.106/ipp/../compiler/lib/intel64] ==> [/opt/intel/composer_xe_2013_sp1.1.106/compiler/lib/intel64]
  collapse dir [/opt/intel/composer_xe_2013_sp1.1.106/ipp/lib/intel64] ==> [/opt/intel/composer_xe_2013_sp1.1.106/ipp/lib/intel64]
  collapse dir [/opt/intel/composer_xe_2013_sp1.1.106/compiler/lib/intel64] ==> [/opt/intel/composer_xe_2013_sp1.1.106/compiler/lib/intel64]
  collapse dir [/opt/intel/composer_xe_2013_sp1.1.106/mkl/lib/intel64] ==> [/opt/intel/composer_xe_2013_sp1.1.106/mkl/lib/intel64]
  collapse dir [/opt/intel/composer_xe_2013_sp1.1.106/tbb/lib/intel64/gcc4.4] ==> [/opt/intel/composer_xe_2013_sp1.1.106/tbb/lib/intel64/gcc4.4]
  collapse dir [/opt/intel/composer_xe_2013_sp1.1.106/compiler/lib/intel64] ==> [/opt/intel/composer_xe_2013_sp1.1.106/compiler/lib/intel64]
  collapse dir [/opt/intel/composer_xe_2013_sp1.1.106/ipp/../compiler/lib/intel64] ==> [/opt/intel/composer_xe_2013_sp1.1.106/compiler/lib/intel64]
  collapse dir [/opt/intel/composer_xe_2013_sp1.1.106/ipp/lib/intel64] ==> [/opt/intel/composer_xe_2013_sp1.1.106/ipp/lib/intel64]
  collapse dir [/opt/intel/composer_xe_2013_sp1.1.106/compiler/lib/intel64] ==> [/opt/intel/composer_xe_2013_sp1.1.106/compiler/lib/intel64]
  collapse dir [/opt/intel/composer_xe_2013_sp1.1.106/mkl/lib/intel64] ==> [/opt/intel/composer_xe_2013_sp1.1.106/mkl/lib/intel64]
  collapse dir [/opt/intel/composer_xe_2013_sp1.1.106/tbb/lib/intel64/gcc4.4] ==> [/opt/intel/composer_xe_2013_sp1.1.106/tbb/lib/intel64/gcc4.4]
  collapse dir [/opt/intel/composer_xe_2013_sp1.1.106/compiler/lib/intel64] ==> [/opt/intel/composer_xe_2013_sp1.1.106/compiler/lib/intel64]
  collapse dir [/home/kklloh/GCC_48/rtf/lib/gcc/x86_64-unknown-linux-gnu/4.8.2/] ==> [/home/kklloh/GCC_48/rtf/lib/gcc/x86_64-unknown-linux-gnu/4.8.2]
  collapse dir [/home/kklloh/GCC_48/rtf/lib/gcc/x86_64-unknown-linux-gnu/4.8.2/../../../../lib64] ==> [/home/kklloh/GCC_48/rtf/lib64]
  collapse dir [/home/kklloh/GCC_48/rtf/lib/gcc/x86_64-unknown-linux-gnu/4.8.2/../../../../lib64/] ==> [/home/kklloh/GCC_48/rtf/lib64]
  collapse dir [/lib/../lib64] ==> [/lib64]
  collapse dir [/lib/../lib64/] ==> [/lib64]
  collapse dir [/usr/lib/../lib64] ==> [/usr/lib64]
  collapse dir [/usr/lib/../lib64/] ==> [/usr/lib64]
  collapse dir [/opt/intel/composer_xe_2013_sp1.1.106/compiler/lib/intel64/] ==> [/opt/intel/composer_xe_2013_sp1.1.106/compiler/lib/intel64]
  collapse dir [/opt/intel/composer_xe_2013_sp1.1.106/ipp/../compiler/lib/intel64/] ==> [/opt/intel/composer_xe_2013_sp1.1.106/compiler/lib/intel64]
  collapse dir [/opt/intel/composer_xe_2013_sp1.1.106/ipp/lib/intel64/] ==> [/opt/intel/composer_xe_2013_sp1.1.106/ipp/lib/intel64]
  collapse dir [/opt/intel/composer_xe_2013_sp1.1.106/mkl/lib/intel64/] ==> [/opt/intel/composer_xe_2013_sp1.1.106/mkl/lib/intel64]
  collapse dir [/opt/intel/composer_xe_2013_sp1.1.106/tbb/lib/intel64/gcc4.4/] ==> [/opt/intel/composer_xe_2013_sp1.1.106/tbb/lib/intel64/gcc4.4]
  collapse dir [/home/kklloh/GCC_48/rtf/lib/gcc/x86_64-unknown-linux-gnu/4.8.2/../../../../x86_64-unknown-linux-gnu/lib/] ==> [/home/kklloh/GCC_48/rtf/x86_64-unknown-linux-gnu/lib]
  collapse dir [/home/kklloh/GCC_48/rtf/lib/gcc/x86_64-unknown-linux-gnu/4.8.2/../../../] ==> [/home/kklloh/GCC_48/rtf/lib]
  collapse dir [/lib64] ==> [/lib64]
  collapse dir [/lib/] ==> [/lib]
  collapse dir [/usr/lib64] ==> [/usr/lib64]
  collapse dir [/usr/lib] ==> [/usr/lib]
  implicit libs: [imf;svml;irng;m;ipgo;decimal;cilkrts;stdc++;irc;svml;c;irc_s;dl;c]
  implicit dirs: [/opt/intel/composer_xe_2013_sp1.1.106/compiler/lib/intel64;/opt/intel/composer_xe_2013_sp1.1.106/ipp/lib/intel64;/opt/intel/composer_xe_2013_sp1.1.106/mkl/lib/intel64;/opt/intel/composer_xe_2013_sp1.1.106/tbb/lib/intel64/gcc4.4;/home/kklloh/GCC_48/rtf/lib/gcc/x86_64-unknown-linux-gnu/4.8.2;/home/kklloh/GCC_48/rtf/lib64;/lib64;/usr/lib64;/home/kklloh/GCC_48/rtf/x86_64-unknown-linux-gnu/lib;/home/kklloh/GCC_48/rtf/lib;/lib;/usr/lib]


Determining if the CXX compiler works passed with the following output:
Change Dir: /home/kklloh/Documents/FAU/NuSiF/NuSiF_CFD/build/CMakeFiles/CMakeTmp

Run Build Command:/usr/bin/gmake "cmTryCompileExec666216410/fast"
/usr/bin/gmake -f CMakeFiles/cmTryCompileExec666216410.dir/build.make CMakeFiles/cmTryCompileExec666216410.dir/build
gmake[1]: Entering directory `/home/kklloh/Documents/FAU/NuSiF/NuSiF_CFD/build/CMakeFiles/CMakeTmp'
/usr/bin/cmake -E cmake_progress_report /home/kklloh/Documents/FAU/NuSiF/NuSiF_CFD/build/CMakeFiles/CMakeTmp/CMakeFiles 1
Building CXX object CMakeFiles/cmTryCompileExec666216410.dir/testCXXCompiler.cxx.o
/opt/intel/bin/icpc     -o CMakeFiles/cmTryCompileExec666216410.dir/testCXXCompiler.cxx.o -c /home/kklloh/Documents/FAU/NuSiF/NuSiF_CFD/build/CMakeFiles/CMakeTmp/testCXXCompiler.cxx
Linking CXX executable cmTryCompileExec666216410
/usr/bin/cmake -E cmake_link_script CMakeFiles/cmTryCompileExec666216410.dir/link.txt --verbose=1
/opt/intel/bin/icpc          CMakeFiles/cmTryCompileExec666216410.dir/testCXXCompiler.cxx.o  -o cmTryCompileExec666216410 -rdynamic 
gmake[1]: Leaving directory `/home/kklloh/Documents/FAU/NuSiF/NuSiF_CFD/build/CMakeFiles/CMakeTmp'


Detecting CXX compiler ABI info compiled with the following output:
Change Dir: /home/kklloh/Documents/FAU/NuSiF/NuSiF_CFD/build/CMakeFiles/CMakeTmp

Run Build Command:/usr/bin/gmake "cmTryCompileExec2694521389/fast"
/usr/bin/gmake -f CMakeFiles/cmTryCompileExec2694521389.dir/build.make CMakeFiles/cmTryCompileExec2694521389.dir/build
gmake[1]: Entering directory `/home/kklloh/Documents/FAU/NuSiF/NuSiF_CFD/build/CMakeFiles/CMakeTmp'
/usr/bin/cmake -E cmake_progress_report /home/kklloh/Documents/FAU/NuSiF/NuSiF_CFD/build/CMakeFiles/CMakeTmp/CMakeFiles 1
Building CXX object CMakeFiles/cmTryCompileExec2694521389.dir/CMakeCXXCompilerABI.cpp.o
/opt/intel/bin/icpc     -o CMakeFiles/cmTryCompileExec2694521389.dir/CMakeCXXCompilerABI.cpp.o -c /usr/share/cmake/Modules/CMakeCXXCompilerABI.cpp
Linking CXX executable cmTryCompileExec2694521389
/usr/bin/cmake -E cmake_link_script CMakeFiles/cmTryCompileExec2694521389.dir/link.txt --verbose=1
/opt/intel/bin/icpc        -v CMakeFiles/cmTryCompileExec2694521389.dir/CMakeCXXCompilerABI.cpp.o  -o cmTryCompileExec2694521389 -rdynamic  
icpc version 14.0.1 (gcc version 4.8.0 compatibility)
/opt/intel/composer_xe_2013_sp1.1.106/bin/intel64/mcpcom    -mP1OPT_version=14.0-intel64 -mGLOB_diag_file=CMakeFiles/cmTryCompileExec2694521389.dir/CMakeCXXCompilerABI.cpp.diag -mP1OPT_print_version=FALSE -mCG_use_gas_got_workaround=F -mP2OPT_align_option_used=TRUE -mGLOB_gcc_version=480 "-mGLOB_options_string=-v -o cmTryCompileExec2694521389 -rdynamic" -mGLOB_cxx_limited_range=FALSE -mCG_extend_parms=FALSE -mGLOB_compiler_bin_directory=/opt/intel/composer_xe_2013_sp1.1.106/bin/intel64 -mGLOB_as_output_backup_file_name=/tmp/icpcob8aXFas_.s -mIPOPT_activate -mGLOB_em64t -mGLOB_product_id_code=0x22006d8e -mP3OPT_use_mspp_call_convention -mPGOPTI_value_profile_use=T -mP2OPT_il0_array_sections=TRUE -mGLOB_offload_mode=1 -mP2OPT_offload_unique_var_string=icpc148041651H0XnrK -mP2OPT_hlo -mP2OPT_hpo_rtt_control=0 -mIPOPT_args_in_regs=0 -mP2OPT_disam_assume_nonstd_intent_in=FALSE -mGLOB_imf_mapping_library=/opt/intel/composer_xe_2013_sp1.1.106/bin/intel64/libiml_attr.so -mIPOPT_link -mIPOPT_ipo_activate -mIPOPT_mo_activate -mIPOPT_source_files_list=/tmp/icpcslisWmst19 -mIPOPT_mo_global_data -mIPOPT_link_script_file=/tmp/icpcscripttfvXZZ "-mIPOPT_cmdline_link="/usr/lib/../lib64/crt1.o" "/usr/lib/../lib64/crti.o" "/home/kklloh/GCC_48/rtf/lib/gcc/x86_64-unknown-linux-gnu/4.8.2/crtbegin.o" "-export-dynamic" "--eh-frame-hdr" "--build-id" "-dynamic-linker" "/lib64/ld-linux-x86-64.so.2" "-o" "cmTryCompileExec2694521389" "-L/opt/intel/composer_xe_2013_sp1.1.106/compiler/lib/intel64" "-L/opt/intel/composer_xe_2013_sp1.1.106/ipp/../compiler/lib/intel64" "-L/opt/intel/composer_xe_2013_sp1.1.106/ipp/lib/intel64" "-L/opt/intel/composer_xe_2013_sp1.1.106/compiler/lib/intel64" "-L/opt/intel/composer_xe_2013_sp1.1.106/mkl/lib/intel64" "-L/opt/intel/composer_xe_2013_sp1.1.106/tbb/lib/intel64/gcc4.4" "-L/opt/intel/composer_xe_2013_sp1.1.106/compiler/lib/intel64" "-L/opt/intel/composer_xe_2013_sp1.1.106/ipp/../compiler/lib/intel64" "-L/opt/intel/composer_xe_2013_sp1.1.106/ipp/lib/intel64" "-L/opt/intel/composer_xe_2013_sp1.1.106/compiler/lib/intel64" "-L/opt/intel/composer_xe_2013_sp1.1.106/mkl/lib/intel64" "-L/opt/intel/composer_xe_2013_sp1.1.106/tbb/lib/intel64/gcc4.4" "-L/opt/intel/composer_xe_2013_sp1.1.106/compiler/lib/intel64" "-L/opt/intel/composer_xe_2013_sp1.1.106/ipp/../compiler/lib/intel64" "-L/opt/intel/composer_xe_2013_sp1.1.106/ipp/lib/intel64" "-L/opt/intel/composer_xe_2013_sp1.1.106/compiler/lib/intel64" "-L/opt/intel/composer_xe_2013_sp1.1.106/mkl/lib/intel64" "-L/opt/intel/composer_xe_2013_sp1.1.106/tbb/lib/intel64/gcc4.4" "-L/opt/intel/composer_xe_2013_sp1.1.106/compiler/lib/intel64" "-L/home/kklloh/GCC_48/rtf/lib/gcc/x86_64-unknown-linux-gnu/4.8.2/" "-L/home/kklloh/GCC_48/rtf/lib/gcc/x86_64-unknown-linux-gnu/4.8.2/../../../../lib64" "-L/home/kklloh/GCC_48/rtf/lib/gcc/x86_64-unknown-linux-gnu/4.8.2/../../../../lib64/" "-L/lib/../lib64" "-L/lib/../lib64/" "-L/usr/lib/../lib64" "-L/usr/lib/../lib64/" "-L/opt/intel/composer_xe_2013_sp1.1.106/compiler/lib/intel64/" "-L/opt/intel/composer_xe_2013_sp1.1.106/ipp/../compiler/lib/intel64/" "-L/opt/intel/composer_xe_2013_sp1.1.106/ipp/lib/intel64/" "-L/opt/intel/composer_xe_2013_sp1.1.106/mkl/lib/intel64/" "-L/opt/intel/composer_xe_2013_sp1.1.106/tbb/lib/intel64/gcc4.4/" "-L/home/kklloh/GCC_48/rtf/lib/gcc/x86_64-unknown-linux-gnu/4.8.2/../../../../x86_64-unknown-linux-gnu/lib/" "-L/home/kklloh/GCC_48/rtf/lib/gcc/x86_64-unknown-linux-gnu/4.8.2/../../../" "-L/lib64" "-L/lib/" "-L/usr/lib64" "-L/usr/lib" "CMakeFiles/cmTryCompileExec2694521389.dir/CMakeCXXCompilerABI.cpp.o" "-Bstatic" "-limf" "-lsvml" "-lirng" "-Bdynamic" "-lm" "-Bstatic" "-lipgo" "-ldecimal" "--as-needed" "-Bdynamic" "-lcilkrts" "--no-as-needed" "-lstdc++" "-lgcc" "-lgcc_s" "-Bstatic" "-lirc" "-lsvml" "-Bdynamic" "-lc" "-lgcc" "-lgcc_s" "-Bstatic" "-lirc_s" "-Bdynamic" "-ldl" "-lc" "/home/kklloh/GCC_48/rtf/lib/gcc/x86_64-unknown-linux-gnu/4.8.2/crtend.o" "/usr/lib/../lib64/crtn.o"" -mIPOPT_il_in_obj -mIPOPT_ipo_activate_warn=FALSE -mIPOPT_obj_output_file_name=/tmp/ipo_icpcosYFa8.o -mIPOPT_whole_archive_fixup_file_name=/tmp/icpcwarchIEl203 -mGLOB_linker_version=2.23.2 -mGLOB_long_size_64 -mGLOB_routine_pointer_size_64 -mGLOB_driver_tempfile_name=/tmp/icpctempfileJbZ82T -mP3OPT_asm_target=P3OPT_ASM_TARGET_GAS -mGLOB_async_unwind_tables=TRUE -mGLOB_obj_output_file=/tmp/ipo_icpcosYFa8.o -mGLOB_source_dialect=GLOB_SOURCE_DIALECT_NONE -mP1OPT_source_file_name=ipo_out.c CMakeFiles/cmTryCompileExec2694521389.dir/CMakeCXXCompilerABI.cpp.o -mIPOPT_object_files=T -mIPOPT_assembly_files=/tmp/icpcalisP5sA7N -mIPOPT_generated_tempfiles=/tmp/icpcelisYo825D -mIPOPT_embedded_object_base_name=/tmp/icpceobjB3fw4t -mIPOPT_cmdline_link_new_name=/tmp/icpcllisXcFZ2j
ld    /usr/lib/../lib64/crt1.o /usr/lib/../lib64/crti.o /home/kklloh/GCC_48/rtf/lib/gcc/x86_64-unknown-linux-gnu/4.8.2/crtbegin.o -export-dynamic --eh-frame-hdr --build-id -dynamic-linker /lib64/ld-linux-x86-64.so.2 -o cmTryCompileExec2694521389 -L/opt/intel/composer_xe_2013_sp1.1.106/compiler/lib/intel64 -L/opt/intel/composer_xe_2013_sp1.1.106/ipp/../compiler/lib/intel64 -L/opt/intel/composer_xe_2013_sp1.1.106/ipp/lib/intel64 -L/opt/intel/composer_xe_2013_sp1.1.106/compiler/lib/intel64 -L/opt/intel/composer_xe_2013_sp1.1.106/mkl/lib/intel64 -L/opt/intel/composer_xe_2013_sp1.1.106/tbb/lib/intel64/gcc4.4 -L/opt/intel/composer_xe_2013_sp1.1.106/compiler/lib/intel64 -L/opt/intel/composer_xe_2013_sp1.1.106/ipp/../compiler/lib/intel64 -L/opt/intel/composer_xe_2013_sp1.1.106/ipp/lib/intel64 -L/opt/intel/composer_xe_2013_sp1.1.106/compiler/lib/intel64 -L/opt/intel/composer_xe_2013_sp1.1.106/mkl/lib/intel64 -L/opt/intel/composer_xe_2013_sp1.1.106/tbb/lib/intel64/gcc4.4 -L/opt/intel/composer_xe_2013_sp1.1.106/compiler/lib/intel64 -L/opt/intel/composer_xe_2013_sp1.1.106/ipp/../compiler/lib/intel64 -L/opt/intel/composer_xe_2013_sp1.1.106/ipp/lib/intel64 -L/opt/intel/composer_xe_2013_sp1.1.106/compiler/lib/intel64 -L/opt/intel/composer_xe_2013_sp1.1.106/mkl/lib/intel64 -L/opt/intel/composer_xe_2013_sp1.1.106/tbb/lib/intel64/gcc4.4 -L/opt/intel/composer_xe_2013_sp1.1.106/compiler/lib/intel64 -L/home/kklloh/GCC_48/rtf/lib/gcc/x86_64-unknown-linux-gnu/4.8.2/ -L/home/kklloh/GCC_48/rtf/lib/gcc/x86_64-unknown-linux-gnu/4.8.2/../../../../lib64 -L/home/kklloh/GCC_48/rtf/lib/gcc/x86_64-unknown-linux-gnu/4.8.2/../../../../lib64/ -L/lib/../lib64 -L/lib/../lib64/ -L/usr/lib/../lib64 -L/usr/lib/../lib64/ -L/opt/intel/composer_xe_2013_sp1.1.106/compiler/lib/intel64/ -L/opt/intel/composer_xe_2013_sp1.1.106/ipp/../compiler/lib/intel64/ -L/opt/intel/composer_xe_2013_sp1.1.106/ipp/lib/intel64/ -L/opt/intel/composer_xe_2013_sp1.1.106/mkl/lib/intel64/ -L/opt/intel/composer_xe_2013_sp1.1.106/tbb/lib/intel64/gcc4.4/ -L/home/kklloh/GCC_48/rtf/lib/gcc/x86_64-unknown-linux-gnu/4.8.2/../../../../x86_64-unknown-linux-gnu/lib/ -L/home/kklloh/GCC_48/rtf/lib/gcc/x86_64-unknown-linux-gnu/4.8.2/../../../ -L/lib64 -L/lib/ -L/usr/lib64 -L/usr/lib CMakeFiles/cmTryCompileExec2694521389.dir/CMakeCXXCompilerABI.cpp.o -Bstatic -limf -lsvml -lirng -Bdynamic -lm -Bstatic -lipgo -ldecimal --as-needed -Bdynamic -lcilkrts --no-as-needed -lstdc++ -lgcc -lgcc_s -Bstatic -lirc -lsvml -Bdynamic -lc -lgcc -lgcc_s -Bstatic -lirc_s -Bdynamic -ldl -lc /home/kklloh/GCC_48/rtf/lib/gcc/x86_64-unknown-linux-gnu/4.8.2/crtend.o /usr/lib/../lib64/crtn.o
gmake[1]: Leaving directory `/home/kklloh/Documents/FAU/NuSiF/NuSiF_CFD/build/CMakeFiles/CMakeTmp'


Parsed CXX implicit link information from above output:
  link line regex: [^( *|.*[/\])(ld|ld|collect2)[^/\]*( |$)]
  ignore line: [Change Dir: /home/kklloh/Documents/FAU/NuSiF/NuSiF_CFD/build/CMakeFiles/CMakeTmp]
  ignore line: []
  ignore line: [Run Build Command:/usr/bin/gmake "cmTryCompileExec2694521389/fast"]
  ignore line: [/usr/bin/gmake -f CMakeFiles/cmTryCompileExec2694521389.dir/build.make CMakeFiles/cmTryCompileExec2694521389.dir/build]
  ignore line: [gmake[1]: Entering directory `/home/kklloh/Documents/FAU/NuSiF/NuSiF_CFD/build/CMakeFiles/CMakeTmp']
  ignore line: [/usr/bin/cmake -E cmake_progress_report /home/kklloh/Documents/FAU/NuSiF/NuSiF_CFD/build/CMakeFiles/CMakeTmp/CMakeFiles 1]
  ignore line: [Building CXX object CMakeFiles/cmTryCompileExec2694521389.dir/CMakeCXXCompilerABI.cpp.o]
  ignore line: [/opt/intel/bin/icpc     -o CMakeFiles/cmTryCompileExec2694521389.dir/CMakeCXXCompilerABI.cpp.o -c /usr/share/cmake/Modules/CMakeCXXCompilerABI.cpp]
  ignore line: [Linking CXX executable cmTryCompileExec2694521389]
  ignore line: [/usr/bin/cmake -E cmake_link_script CMakeFiles/cmTryCompileExec2694521389.dir/link.txt --verbose=1]
  ignore line: [/opt/intel/bin/icpc        -v CMakeFiles/cmTryCompileExec2694521389.dir/CMakeCXXCompilerABI.cpp.o  -o cmTryCompileExec2694521389 -rdynamic  ]
  ignore line: [icpc version 14.0.1 (gcc version 4.8.0 compatibility)]
  ignore line: [/opt/intel/composer_xe_2013_sp1.1.106/bin/intel64/mcpcom    -mP1OPT_version=14.0-intel64 -mGLOB_diag_file=CMakeFiles/cmTryCompileExec2694521389.dir/CMakeCXXCompilerABI.cpp.diag -mP1OPT_print_version=FALSE -mCG_use_gas_got_workaround=F -mP2OPT_align_option_used=TRUE -mGLOB_gcc_version=480 "-mGLOB_options_string=-v -o cmTryCompileExec2694521389 -rdynamic" -mGLOB_cxx_limited_range=FALSE -mCG_extend_parms=FALSE -mGLOB_compiler_bin_directory=/opt/intel/composer_xe_2013_sp1.1.106/bin/intel64 -mGLOB_as_output_backup_file_name=/tmp/icpcob8aXFas_.s -mIPOPT_activate -mGLOB_em64t -mGLOB_product_id_code=0x22006d8e -mP3OPT_use_mspp_call_convention -mPGOPTI_value_profile_use=T -mP2OPT_il0_array_sections=TRUE -mGLOB_offload_mode=1 -mP2OPT_offload_unique_var_string=icpc148041651H0XnrK -mP2OPT_hlo -mP2OPT_hpo_rtt_control=0 -mIPOPT_args_in_regs=0 -mP2OPT_disam_assume_nonstd_intent_in=FALSE -mGLOB_imf_mapping_library=/opt/intel/composer_xe_2013_sp1.1.106/bin/intel64/libiml_attr.so -mIPOPT_link -mIPOPT_ipo_activate -mIPOPT_mo_activate -mIPOPT_source_files_list=/tmp/icpcslisWmst19 -mIPOPT_mo_global_data -mIPOPT_link_script_file=/tmp/icpcscripttfvXZZ "-mIPOPT_cmdline_link="/usr/lib/../lib64/crt1.o" "/usr/lib/../lib64/crti.o" "/home/kklloh/GCC_48/rtf/lib/gcc/x86_64-unknown-linux-gnu/4.8.2/crtbegin.o" "-export-dynamic" "--eh-frame-hdr" "--build-id" "-dynamic-linker" "/lib64/ld-linux-x86-64.so.2" "-o" "cmTryCompileExec2694521389" "-L/opt/intel/composer_xe_2013_sp1.1.106/compiler/lib/intel64" "-L/opt/intel/composer_xe_2013_sp1.1.106/ipp/../compiler/lib/intel64" "-L/opt/intel/composer_xe_2013_sp1.1.106/ipp/lib/intel64" "-L/opt/intel/composer_xe_2013_sp1.1.106/compiler/lib/intel64" "-L/opt/intel/composer_xe_2013_sp1.1.106/mkl/lib/intel64" "-L/opt/intel/composer_xe_2013_sp1.1.106/tbb/lib/intel64/gcc4.4" "-L/opt/intel/composer_xe_2013_sp1.1.106/compiler/lib/intel64" "-L/opt/intel/composer_xe_2013_sp1.1.106/ipp/../compiler/lib/intel64" "-L/opt/intel/composer_xe_2013_sp1.1.106/ipp/lib/intel64" "-L/opt/intel/composer_xe_2013_sp1.1.106/compiler/lib/intel64" "-L/opt/intel/composer_xe_2013_sp1.1.106/mkl/lib/intel64" "-L/opt/intel/composer_xe_2013_sp1.1.106/tbb/lib/intel64/gcc4.4" "-L/opt/intel/composer_xe_2013_sp1.1.106/compiler/lib/intel64" "-L/opt/intel/composer_xe_2013_sp1.1.106/ipp/../compiler/lib/intel64" "-L/opt/intel/composer_xe_2013_sp1.1.106/ipp/lib/intel64" "-L/opt/intel/composer_xe_2013_sp1.1.106/compiler/lib/intel64" "-L/opt/intel/composer_xe_2013_sp1.1.106/mkl/lib/intel64" "-L/opt/intel/composer_xe_2013_sp1.1.106/tbb/lib/intel64/gcc4.4" "-L/opt/intel/composer_xe_2013_sp1.1.106/compiler/lib/intel64" "-L/home/kklloh/GCC_48/rtf/lib/gcc/x86_64-unknown-linux-gnu/4.8.2/" "-L/home/kklloh/GCC_48/rtf/lib/gcc/x86_64-unknown-linux-gnu/4.8.2/../../../../lib64" "-L/home/kklloh/GCC_48/rtf/lib/gcc/x86_64-unknown-linux-gnu/4.8.2/../../../../lib64/" "-L/lib/../lib64" "-L/lib/../lib64/" "-L/usr/lib/../lib64" "-L/usr/lib/../lib64/" "-L/opt/intel/composer_xe_2013_sp1.1.106/compiler/lib/intel64/" "-L/opt/intel/composer_xe_2013_sp1.1.106/ipp/../compiler/lib/intel64/" "-L/opt/intel/composer_xe_2013_sp1.1.106/ipp/lib/intel64/" "-L/opt/intel/composer_xe_2013_sp1.1.106/mkl/lib/intel64/" "-L/opt/intel/composer_xe_2013_sp1.1.106/tbb/lib/intel64/gcc4.4/" "-L/home/kklloh/GCC_48/rtf/lib/gcc/x86_64-unknown-linux-gnu/4.8.2/../../../../x86_64-unknown-linux-gnu/lib/" "-L/home/kklloh/GCC_48/rtf/lib/gcc/x86_64-unknown-linux-gnu/4.8.2/../../../" "-L/lib64" "-L/lib/" "-L/usr/lib64" "-L/usr/lib" "CMakeFiles/cmTryCompileExec2694521389.dir/CMakeCXXCompilerABI.cpp.o" "-Bstatic" "-limf" "-lsvml" "-lirng" "-Bdynamic" "-lm" "-Bstatic" "-lipgo" "-ldecimal" "--as-needed" "-Bdynamic" "-lcilkrts" "--no-as-needed" "-lstdc++" "-lgcc" "-lgcc_s" "-Bstatic" "-lirc" "-lsvml" "-Bdynamic" "-lc" "-lgcc" "-lgcc_s" "-Bstatic" "-lirc_s" "-Bdynamic" "-ldl" "-lc" "/home/kklloh/GCC_48/rtf/lib/gcc/x86_64-unknown-linux-gnu/4.8.2/crtend.o" "/usr/lib/../lib64/crtn.o"" -mIPOPT_il_in_obj -mIPOPT_ipo_activate_warn=FALSE -mIPOPT_obj_output_file_name=/tmp/ipo_icpcosYFa8.o -mIPOPT_whole_archive_fixup_file_name=/tmp/icpcwarchIEl203 -mGLOB_linker_version=2.23.2 -mGLOB_long_size_64 -mGLOB_routine_pointer_size_64 -mGLOB_driver_tempfile_name=/tmp/icpctempfileJbZ82T -mP3OPT_asm_target=P3OPT_ASM_TARGET_GAS -mGLOB_async_unwind_tables=TRUE -mGLOB_obj_output_file=/tmp/ipo_icpcosYFa8.o -mGLOB_source_dialect=GLOB_SOURCE_DIALECT_NONE -mP1OPT_source_file_name=ipo_out.c CMakeFiles/cmTryCompileExec2694521389.dir/CMakeCXXCompilerABI.cpp.o -mIPOPT_object_files=T -mIPOPT_assembly_files=/tmp/icpcalisP5sA7N -mIPOPT_generated_tempfiles=/tmp/icpcelisYo825D -mIPOPT_embedded_object_base_name=/tmp/icpceobjB3fw4t -mIPOPT_cmdline_link_new_name=/tmp/icpcllisXcFZ2j]
  link line: [ld    /usr/lib/../lib64/crt1.o /usr/lib/../lib64/crti.o /home/kklloh/GCC_48/rtf/lib/gcc/x86_64-unknown-linux-gnu/4.8.2/crtbegin.o -export-dynamic --eh-frame-hdr --build-id -dynamic-linker /lib64/ld-linux-x86-64.so.2 -o cmTryCompileExec2694521389 -L/opt/intel/composer_xe_2013_sp1.1.106/compiler/lib/intel64 -L/opt/intel/composer_xe_2013_sp1.1.106/ipp/../compiler/lib/intel64 -L/opt/intel/composer_xe_2013_sp1.1.106/ipp/lib/intel64 -L/opt/intel/composer_xe_2013_sp1.1.106/compiler/lib/intel64 -L/opt/intel/composer_xe_2013_sp1.1.106/mkl/lib/intel64 -L/opt/intel/composer_xe_2013_sp1.1.106/tbb/lib/intel64/gcc4.4 -L/opt/intel/composer_xe_2013_sp1.1.106/compiler/lib/intel64 -L/opt/intel/composer_xe_2013_sp1.1.106/ipp/../compiler/lib/intel64 -L/opt/intel/composer_xe_2013_sp1.1.106/ipp/lib/intel64 -L/opt/intel/composer_xe_2013_sp1.1.106/compiler/lib/intel64 -L/opt/intel/composer_xe_2013_sp1.1.106/mkl/lib/intel64 -L/opt/intel/composer_xe_2013_sp1.1.106/tbb/lib/intel64/gcc4.4 -L/opt/intel/composer_xe_2013_sp1.1.106/compiler/lib/intel64 -L/opt/intel/composer_xe_2013_sp1.1.106/ipp/../compiler/lib/intel64 -L/opt/intel/composer_xe_2013_sp1.1.106/ipp/lib/intel64 -L/opt/intel/composer_xe_2013_sp1.1.106/compiler/lib/intel64 -L/opt/intel/composer_xe_2013_sp1.1.106/mkl/lib/intel64 -L/opt/intel/composer_xe_2013_sp1.1.106/tbb/lib/intel64/gcc4.4 -L/opt/intel/composer_xe_2013_sp1.1.106/compiler/lib/intel64 -L/home/kklloh/GCC_48/rtf/lib/gcc/x86_64-unknown-linux-gnu/4.8.2/ -L/home/kklloh/GCC_48/rtf/lib/gcc/x86_64-unknown-linux-gnu/4.8.2/../../../../lib64 -L/home/kklloh/GCC_48/rtf/lib/gcc/x86_64-unknown-linux-gnu/4.8.2/../../../../lib64/ -L/lib/../lib64 -L/lib/../lib64/ -L/usr/lib/../lib64 -L/usr/lib/../lib64/ -L/opt/intel/composer_xe_2013_sp1.1.106/compiler/lib/intel64/ -L/opt/intel/composer_xe_2013_sp1.1.106/ipp/../compiler/lib/intel64/ -L/opt/intel/composer_xe_2013_sp1.1.106/ipp/lib/intel64/ -L/opt/intel/composer_xe_2013_sp1.1.106/mkl/lib/intel64/ -L/opt/intel/composer_xe_2013_sp1.1.106/tbb/lib/intel64/gcc4.4/ -L/home/kklloh/GCC_48/rtf/lib/gcc/x86_64-unknown-linux-gnu/4.8.2/../../../../x86_64-unknown-linux-gnu/lib/ -L/home/kklloh/GCC_48/rtf/lib/gcc/x86_64-unknown-linux-gnu/4.8.2/../../../ -L/lib64 -L/lib/ -L/usr/lib64 -L/usr/lib CMakeFiles/cmTryCompileExec2694521389.dir/CMakeCXXCompilerABI.cpp.o -Bstatic -limf -lsvml -lirng -Bdynamic -lm -Bstatic -lipgo -ldecimal --as-needed -Bdynamic -lcilkrts --no-as-needed -lstdc++ -lgcc -lgcc_s -Bstatic -lirc -lsvml -Bdynamic -lc -lgcc -lgcc_s -Bstatic -lirc_s -Bdynamic -ldl -lc /home/kklloh/GCC_48/rtf/lib/gcc/x86_64-unknown-linux-gnu/4.8.2/crtend.o /usr/lib/../lib64/crtn.o]
    arg [ld] ==> ignore
    arg [/usr/lib/../lib64/crt1.o] ==> ignore
    arg [/usr/lib/../lib64/crti.o] ==> ignore
    arg [/home/kklloh/GCC_48/rtf/lib/gcc/x86_64-unknown-linux-gnu/4.8.2/crtbegin.o] ==> ignore
    arg [-export-dynamic] ==> ignore
    arg [--eh-frame-hdr] ==> ignore
    arg [--build-id] ==> ignore
    arg [-dynamic-linker] ==> ignore
    arg [/lib64/ld-linux-x86-64.so.2] ==> ignore
    arg [-o] ==> ignore
    arg [cmTryCompileExec2694521389] ==> ignore
    arg [-L/opt/intel/composer_xe_2013_sp1.1.106/compiler/lib/intel64] ==> dir [/opt/intel/composer_xe_2013_sp1.1.106/compiler/lib/intel64]
    arg [-L/opt/intel/composer_xe_2013_sp1.1.106/ipp/../compiler/lib/intel64] ==> dir [/opt/intel/composer_xe_2013_sp1.1.106/ipp/../compiler/lib/intel64]
    arg [-L/opt/intel/composer_xe_2013_sp1.1.106/ipp/lib/intel64] ==> dir [/opt/intel/composer_xe_2013_sp1.1.106/ipp/lib/intel64]
    arg [-L/opt/intel/composer_xe_2013_sp1.1.106/compiler/lib/intel64] ==> dir [/opt/intel/composer_xe_2013_sp1.1.106/compiler/lib/intel64]
    arg [-L/opt/intel/composer_xe_2013_sp1.1.106/mkl/lib/intel64] ==> dir [/opt/intel/composer_xe_2013_sp1.1.106/mkl/lib/intel64]
    arg [-L/opt/intel/composer_xe_2013_sp1.1.106/tbb/lib/intel64/gcc4.4] ==> dir [/opt/intel/composer_xe_2013_sp1.1.106/tbb/lib/intel64/gcc4.4]
    arg [-L/opt/intel/composer_xe_2013_sp1.1.106/compiler/lib/intel64] ==> dir [/opt/intel/composer_xe_2013_sp1.1.106/compiler/lib/intel64]
    arg [-L/opt/intel/composer_xe_2013_sp1.1.106/ipp/../compiler/lib/intel64] ==> dir [/opt/intel/composer_xe_2013_sp1.1.106/ipp/../compiler/lib/intel64]
    arg [-L/opt/intel/composer_xe_2013_sp1.1.106/ipp/lib/intel64] ==> dir [/opt/intel/composer_xe_2013_sp1.1.106/ipp/lib/intel64]
    arg [-L/opt/intel/composer_xe_2013_sp1.1.106/compiler/lib/intel64] ==> dir [/opt/intel/composer_xe_2013_sp1.1.106/compiler/lib/intel64]
    arg [-L/opt/intel/composer_xe_2013_sp1.1.106/mkl/lib/intel64] ==> dir [/opt/intel/composer_xe_2013_sp1.1.106/mkl/lib/intel64]
    arg [-L/opt/intel/composer_xe_2013_sp1.1.106/tbb/lib/intel64/gcc4.4] ==> dir [/opt/intel/composer_xe_2013_sp1.1.106/tbb/lib/intel64/gcc4.4]
    arg [-L/opt/intel/composer_xe_2013_sp1.1.106/compiler/lib/intel64] ==> dir [/opt/intel/composer_xe_2013_sp1.1.106/compiler/lib/intel64]
    arg [-L/opt/intel/composer_xe_2013_sp1.1.106/ipp/../compiler/lib/intel64] ==> dir [/opt/intel/composer_xe_2013_sp1.1.106/ipp/../compiler/lib/intel64]
    arg [-L/opt/intel/composer_xe_2013_sp1.1.106/ipp/lib/intel64] ==> dir [/opt/intel/composer_xe_2013_sp1.1.106/ipp/lib/intel64]
    arg [-L/opt/intel/composer_xe_2013_sp1.1.106/compiler/lib/intel64] ==> dir [/opt/intel/composer_xe_2013_sp1.1.106/compiler/lib/intel64]
    arg [-L/opt/intel/composer_xe_2013_sp1.1.106/mkl/lib/intel64] ==> dir [/opt/intel/composer_xe_2013_sp1.1.106/mkl/lib/intel64]
    arg [-L/opt/intel/composer_xe_2013_sp1.1.106/tbb/lib/intel64/gcc4.4] ==> dir [/opt/intel/composer_xe_2013_sp1.1.106/tbb/lib/intel64/gcc4.4]
    arg [-L/opt/intel/composer_xe_2013_sp1.1.106/compiler/lib/intel64] ==> dir [/opt/intel/composer_xe_2013_sp1.1.106/compiler/lib/intel64]
    arg [-L/home/kklloh/GCC_48/rtf/lib/gcc/x86_64-unknown-linux-gnu/4.8.2/] ==> dir [/home/kklloh/GCC_48/rtf/lib/gcc/x86_64-unknown-linux-gnu/4.8.2/]
    arg [-L/home/kklloh/GCC_48/rtf/lib/gcc/x86_64-unknown-linux-gnu/4.8.2/../../../../lib64] ==> dir [/home/kklloh/GCC_48/rtf/lib/gcc/x86_64-unknown-linux-gnu/4.8.2/../../../../lib64]
    arg [-L/home/kklloh/GCC_48/rtf/lib/gcc/x86_64-unknown-linux-gnu/4.8.2/../../../../lib64/] ==> dir [/home/kklloh/GCC_48/rtf/lib/gcc/x86_64-unknown-linux-gnu/4.8.2/../../../../lib64/]
    arg [-L/lib/../lib64] ==> dir [/lib/../lib64]
    arg [-L/lib/../lib64/] ==> dir [/lib/../lib64/]
    arg [-L/usr/lib/../lib64] ==> dir [/usr/lib/../lib64]
    arg [-L/usr/lib/../lib64/] ==> dir [/usr/lib/../lib64/]
    arg [-L/opt/intel/composer_xe_2013_sp1.1.106/compiler/lib/intel64/] ==> dir [/opt/intel/composer_xe_2013_sp1.1.106/compiler/lib/intel64/]
    arg [-L/opt/intel/composer_xe_2013_sp1.1.106/ipp/../compiler/lib/intel64/] ==> dir [/opt/intel/composer_xe_2013_sp1.1.106/ipp/../compiler/lib/intel64/]
    arg [-L/opt/intel/composer_xe_2013_sp1.1.106/ipp/lib/intel64/] ==> dir [/opt/intel/composer_xe_2013_sp1.1.106/ipp/lib/intel64/]
    arg [-L/opt/intel/composer_xe_2013_sp1.1.106/mkl/lib/intel64/] ==> dir [/opt/intel/composer_xe_2013_sp1.1.106/mkl/lib/intel64/]
    arg [-L/opt/intel/composer_xe_2013_sp1.1.106/tbb/lib/intel64/gcc4.4/] ==> dir [/opt/intel/composer_xe_2013_sp1.1.106/tbb/lib/intel64/gcc4.4/]
    arg [-L/home/kklloh/GCC_48/rtf/lib/gcc/x86_64-unknown-linux-gnu/4.8.2/../../../../x86_64-unknown-linux-gnu/lib/] ==> dir [/home/kklloh/GCC_48/rtf/lib/gcc/x86_64-unknown-linux-gnu/4.8.2/../../../../x86_64-unknown-linux-gnu/lib/]
    arg [-L/home/kklloh/GCC_48/rtf/lib/gcc/x86_64-unknown-linux-gnu/4.8.2/../../../] ==> dir [/home/kklloh/GCC_48/rtf/lib/gcc/x86_64-unknown-linux-gnu/4.8.2/../../../]
    arg [-L/lib64] ==> dir [/lib64]
    arg [-L/lib/] ==> dir [/lib/]
    arg [-L/usr/lib64] ==> dir [/usr/lib64]
    arg [-L/usr/lib] ==> dir [/usr/lib]
    arg [CMakeFiles/cmTryCompileExec2694521389.dir/CMakeCXXCompilerABI.cpp.o] ==> ignore
    arg [-Bstatic] ==> ignore
    arg [-limf] ==> lib [imf]
    arg [-lsvml] ==> lib [svml]
    arg [-lirng] ==> lib [irng]
    arg [-Bdynamic] ==> ignore
    arg [-lm] ==> lib [m]
    arg [-Bstatic] ==> ignore
    arg [-lipgo] ==> lib [ipgo]
    arg [-ldecimal] ==> lib [decimal]
    arg [--as-needed] ==> ignore
    arg [-Bdynamic] ==> ignore
    arg [-lcilkrts] ==> lib [cilkrts]
    arg [--no-as-needed] ==> ignore
    arg [-lstdc++] ==> lib [stdc++]
    arg [-lgcc] ==> lib [gcc]
    arg [-lgcc_s] ==> lib [gcc_s]
    arg [-Bstatic] ==> ignore
    arg [-lirc] ==> lib [irc]
    arg [-lsvml] ==> lib [svml]
    arg [-Bdynamic] ==> ignore
    arg [-lc] ==> lib [c]
    arg [-lgcc] ==> lib [gcc]
    arg [-lgcc_s] ==> lib [gcc_s]
    arg [-Bstatic] ==> ignore
    arg [-lirc_s] ==> lib [irc_s]
    arg [-Bdynamic] ==> ignore
    arg [-ldl] ==> lib [dl]
    arg [-lc] ==> lib [c]
    arg [/home/kklloh/GCC_48/rtf/lib/gcc/x86_64-unknown-linux-gnu/4.8.2/crtend.o] ==> ignore
    arg [/usr/lib/../lib64/crtn.o] ==> ignore
  remove lib [gcc]
  remove lib [gcc_s]
  remove lib [gcc]
  remove lib [gcc_s]
  collapse dir [/opt/intel/composer_xe_2013_sp1.1.106/compiler/lib/intel64] ==> [/opt/intel/composer_xe_2013_sp1.1.106/compiler/lib/intel64]
  collapse dir [/opt/intel/composer_xe_2013_sp1.1.106/ipp/../compiler/lib/intel64] ==> [/opt/intel/composer_xe_2013_sp1.1.106/compiler/lib/intel64]
  collapse dir [/opt/intel/composer_xe_2013_sp1.1.106/ipp/lib/intel64] ==> [/opt/intel/composer_xe_2013_sp1.1.106/ipp/lib/intel64]
  collapse dir [/opt/intel/composer_xe_2013_sp1.1.106/compiler/lib/intel64] ==> [/opt/intel/composer_xe_2013_sp1.1.106/compiler/lib/intel64]
  collapse dir [/opt/intel/composer_xe_2013_sp1.1.106/mkl/lib/intel64] ==> [/opt/intel/composer_xe_2013_sp1.1.106/mkl/lib/intel64]
  collapse dir [/opt/intel/composer_xe_2013_sp1.1.106/tbb/lib/intel64/gcc4.4] ==> [/opt/intel/composer_xe_2013_sp1.1.106/tbb/lib/intel64/gcc4.4]
  collapse dir [/opt/intel/composer_xe_2013_sp1.1.106/compiler/lib/intel64] ==> [/opt/intel/composer_xe_2013_sp1.1.106/compiler/lib/intel64]
  collapse dir [/opt/intel/composer_xe_2013_sp1.1.106/ipp/../compiler/lib/intel64] ==> [/opt/intel/composer_xe_2013_sp1.1.106/compiler/lib/intel64]
  collapse dir [/opt/intel/composer_xe_2013_sp1.1.106/ipp/lib/intel64] ==> [/opt/intel/composer_xe_2013_sp1.1.106/ipp/lib/intel64]
  collapse dir [/opt/intel/composer_xe_2013_sp1.1.106/compiler/lib/intel64] ==> [/opt/intel/composer_xe_2013_sp1.1.106/compiler/lib/intel64]
  collapse dir [/opt/intel/composer_xe_2013_sp1.1.106/mkl/lib/intel64] ==> [/opt/intel/composer_xe_2013_sp1.1.106/mkl/lib/intel64]
  collapse dir [/opt/intel/composer_xe_2013_sp1.1.106/tbb/lib/intel64/gcc4.4] ==> [/opt/intel/composer_xe_2013_sp1.1.106/tbb/lib/intel64/gcc4.4]
  collapse dir [/opt/intel/composer_xe_2013_sp1.1.106/compiler/lib/intel64] ==> [/opt/intel/composer_xe_2013_sp1.1.106/compiler/lib/intel64]
  collapse dir [/opt/intel/composer_xe_2013_sp1.1.106/ipp/../compiler/lib/intel64] ==> [/opt/intel/composer_xe_2013_sp1.1.106/compiler/lib/intel64]
  collapse dir [/opt/intel/composer_xe_2013_sp1.1.106/ipp/lib/intel64] ==> [/opt/intel/composer_xe_2013_sp1.1.106/ipp/lib/intel64]
  collapse dir [/opt/intel/composer_xe_2013_sp1.1.106/compiler/lib/intel64] ==> [/opt/intel/composer_xe_2013_sp1.1.106/compiler/lib/intel64]
  collapse dir [/opt/intel/composer_xe_2013_sp1.1.106/mkl/lib/intel64] ==> [/opt/intel/composer_xe_2013_sp1.1.106/mkl/lib/intel64]
  collapse dir [/opt/intel/composer_xe_2013_sp1.1.106/tbb/lib/intel64/gcc4.4] ==> [/opt/intel/composer_xe_2013_sp1.1.106/tbb/lib/intel64/gcc4.4]
  collapse dir [/opt/intel/composer_xe_2013_sp1.1.106/compiler/lib/intel64] ==> [/opt/intel/composer_xe_2013_sp1.1.106/compiler/lib/intel64]
  collapse dir [/home/kklloh/GCC_48/rtf/lib/gcc/x86_64-unknown-linux-gnu/4.8.2/] ==> [/home/kklloh/GCC_48/rtf/lib/gcc/x86_64-unknown-linux-gnu/4.8.2]
  collapse dir [/home/kklloh/GCC_48/rtf/lib/gcc/x86_64-unknown-linux-gnu/4.8.2/../../../../lib64] ==> [/home/kklloh/GCC_48/rtf/lib64]
  collapse dir [/home/kklloh/GCC_48/rtf/lib/gcc/x86_64-unknown-linux-gnu/4.8.2/../../../../lib64/] ==> [/home/kklloh/GCC_48/rtf/lib64]
  collapse dir [/lib/../lib64] ==> [/lib64]
  collapse dir [/lib/../lib64/] ==> [/lib64]
  collapse dir [/usr/lib/../lib64] ==> [/usr/lib64]
  collapse dir [/usr/lib/../lib64/] ==> [/usr/lib64]
  collapse dir [/opt/intel/composer_xe_2013_sp1.1.106/compiler/lib/intel64/] ==> [/opt/intel/composer_xe_2013_sp1.1.106/compiler/lib/intel64]
  collapse dir [/opt/intel/composer_xe_2013_sp1.1.106/ipp/../compiler/lib/intel64/] ==> [/opt/intel/composer_xe_2013_sp1.1.106/compiler/lib/intel64]
  collapse dir [/opt/intel/composer_xe_2013_sp1.1.106/ipp/lib/intel64/] ==> [/opt/intel/composer_xe_2013_sp1.1.106/ipp/lib/intel64]
  collapse dir [/opt/intel/composer_xe_2013_sp1.1.106/mkl/lib/intel64/] ==> [/opt/intel/composer_xe_2013_sp1.1.106/mkl/lib/intel64]
  collapse dir [/opt/intel/composer_xe_2013_sp1.1.106/tbb/lib/intel64/gcc4.4/] ==> [/opt/intel/composer_xe_2013_sp1.1.106/tbb/lib/intel64/gcc4.4]
  collapse dir [/home/kklloh/GCC_48/rtf/lib/gcc/x86_64-unknown-linux-gnu/4.8.2/../../../../x86_64-unknown-linux-gnu/lib/] ==> [/home/kklloh/GCC_48/rtf/x86_64-unknown-linux-gnu/lib]
  collapse dir [/home/kklloh/GCC_48/rtf/lib/gcc/x86_64-unknown-linux-gnu/4.8.2/../../../] ==> [/home/kklloh/GCC_48/rtf/lib]
  collapse dir [/lib64] ==> [/lib64]
  collapse dir [/lib/] ==> [/lib]
  collapse dir [/usr/lib64] ==> [/usr/lib64]
  collapse dir [/usr/lib] ==> [/usr/lib]
  implicit libs: [imf;svml;irng;m;ipgo;decimal;cilkrts;stdc++;irc;svml;c;irc_s;dl;c]
  implicit dirs: [/opt/intel/composer_xe_2013_sp1.1.106/compiler/lib/intel64;/opt/intel/composer_xe_2013_sp1.1.106/ipp/lib/intel64;/opt/intel/composer_xe_2013_sp1.1.106/mkl/lib/intel64;/opt/intel/composer_xe_2013_sp1.1.106/tbb/lib/intel64/gcc4.4;/home/kklloh/GCC_48/rtf/lib/gcc/x86_64-unknown-linux-gnu/4.8.2;/home/kklloh/GCC_48/rtf/lib64;/lib64;/usr/lib64;/home/kklloh/GCC_48/rtf/x86_64-unknown-linux-gnu/lib;/home/kklloh/GCC_48/rtf/lib;/lib;/usr/lib]


